==============================================================================
20170110 13:29:10.254 - INFO - + START SUITE: Acceptancetest [ ]
==============================================================================
20170110 13:29:10.300 - INFO - +- START SUITE: Acceptancetest.HelloWorldTests [ ]
==============================================================================
20170110 13:29:10.300 - INFO - +-- START TEST: Say Hello [ ]
------------------------------------------------------------------------------
20170110 13:29:10.316 - INFO - +--- START KW: keywords.CustomKeywords.Greet Everyone [ ]
20170110 13:29:10.316 - INFO - +--- END KW: keywords.CustomKeywords.Greet Everyone (0)
------------------------------------------------------------------------------
20170110 13:29:10.316 - INFO - +-- END TEST: Say Hello (16)
------------------------------------------------------------------------------
20170110 13:29:10.333 - INFO - +-- START TEST: Say Hello In Pig Latin [ ]
------------------------------------------------------------------------------
20170110 13:29:10.338 - INFO - +--- START KW: keywords.CustomKeywords.Reverse Greet Everyone [ ]
20170110 13:29:10.338 - INFO - +--- END KW: keywords.CustomKeywords.Reverse Greet Everyone (0)
------------------------------------------------------------------------------
20170110 13:29:10.338 - INFO - +-- END TEST: Say Hello In Pig Latin (6)
------------------------------------------------------------------------------
20170110 13:29:10.338 - INFO - +-- START TEST: Make Sure You're Saying Hello [ ]
------------------------------------------------------------------------------
20170110 13:29:10.354 - INFO - +--- START KW: keywords.CustomKeywords.Greet Everyone [ ]
20170110 13:29:10.354 - INFO - ${result} = hello world
20170110 13:29:10.354 - INFO - +--- END KW: keywords.CustomKeywords.Greet Everyone (0)
~~~~~~~~~~~~~~~~~~~~~~~~~~~~~~~~~~~~~~~~~~~~~~~~~~~~~~~~~~~~~~~~~~~~~~~~~~~~~~
20170110 13:29:10.354 - INFO - +--- START KW: BuiltIn.Should Be Equal [ ${result} | hello world ]
20170110 13:29:10.370 - INFO - +--- END KW: BuiltIn.Should Be Equal (16)
------------------------------------------------------------------------------
20170110 13:29:10.370 - INFO - +-- END TEST: Make Sure You're Saying Hello (32)
------------------------------------------------------------------------------
20170110 13:29:10.370 - INFO - +-- START TEST: Make A Test That Fails [ ]
------------------------------------------------------------------------------
20170110 13:29:10.385 - INFO - +--- START KW: keywords.CustomKeywords.Reverse Greet Everyone [ ]
20170110 13:29:10.385 - INFO - ${result} = dlrow olleh
20170110 13:29:10.401 - INFO - +--- END KW: keywords.CustomKeywords.Reverse Greet Everyone (0)
~~~~~~~~~~~~~~~~~~~~~~~~~~~~~~~~~~~~~~~~~~~~~~~~~~~~~~~~~~~~~~~~~~~~~~~~~~~~~~
20170110 13:29:10.401 - INFO - +--- START KW: BuiltIn.Should Be Equal [ ${result} | hello world ]
20170110 13:29:10.401 - FAIL - dlrow olleh != hello world
20170110 13:29:10.401 - DEBUG - Traceback (most recent call last):
  None
20170110 13:29:10.416 - INFO - +--- END KW: BuiltIn.Should Be Equal (0)
------------------------------------------------------------------------------
20170110 13:29:10.416 - INFO - +-- END TEST: Make A Test That Fails (46)
------------------------------------------------------------------------------
20170110 13:29:10.434 - INFO - +- END SUITE: Acceptancetest.HelloWorldTests (147)
==============================================================================
20170110 13:29:10.439 - INFO - + END SUITE: Acceptancetest (437)
==============================================================================
